{
  "RSpec": {
    "coverage": {
      "/home/tingaboy/Desktop/Rails-core-projects/flickr_clone/spec/controllers/comments_controller_spec.rb": [
        1,
        null,
        1,
        null,
        1,
        1,
        1,
        0,
        null,
        null,
        null,
        1,
        1,
        1,
        0,
        null,
        null,
        null,
        1,
        1,
        1,
        0,
        null,
        null,
        null,
        1,
        1,
        1,
        0,
        null,
        null,
        null,
        null
      ],
      "/home/tingaboy/Desktop/Rails-core-projects/flickr_clone/spec/rails_helper.rb": [
        null,
        1,
        1,
        null,
        1,
        1,
        1,
        null,
        null,
        null,
        null,
        null,
        null,
        null,
        null,
        null,
        null,
        null,
        null,
        null,
        null,
        null,
        null,
        null,
        null,
        null,
        1,
        null,
        1,
        null,
        1,
        null,
        null,
        null,
        null,
        1,
        null,
        null,
        null,
        null,
        null,
        null,
        null,
        null,
        null,
        null,
        null,
        null,
        null,
        null,
        1,
        null,
        null,
        1,
        null,
        null,
        null,
        1,
        1,
        1,
        1,
        null,
        null
      ],
      "/home/tingaboy/Desktop/Rails-core-projects/flickr_clone/config/environment.rb": [
        null,
        1,
        null,
        null,
        1
      ],
      "/home/tingaboy/Desktop/Rails-core-projects/flickr_clone/config/application.rb": [
        1,
        null,
        1,
        null,
        1,
        1,
        1,
        1,
        1,
        1,
        1,
        1,
        null,
        null,
        null,
        null,
        1,
        null,
        1,
        1,
        null,
        null,
        null,
        null,
        null
      ],
      "/home/tingaboy/Desktop/Rails-core-projects/flickr_clone/config/boot.rb": [
        1,
        null,
        1
      ],
      "/home/tingaboy/Desktop/Rails-core-projects/flickr_clone/config/environments/test.rb": [
        1,
        null,
        null,
        null,
        null,
        null,
        null,
        1,
        null,
        null,
        null,
        null,
        1,
        null,
        null,
        1,
        1,
        null,
        null,
        null,
        null,
        1,
        1,
        null,
        null,
        1,
        null,
        null,
        1,
        1,
        null,
        null,
        null,
        null,
        1,
        null,
        null,
        1,
        null,
        null,
        null,
        null
      ],
      "/home/tingaboy/Desktop/Rails-core-projects/flickr_clone/config/initializers/application_controller_renderer.rb": [
        null,
        null,
        null,
        null,
        null,
        null
      ],
      "/home/tingaboy/Desktop/Rails-core-projects/flickr_clone/config/initializers/assets.rb": [
        null,
        null,
        null,
        1,
        null,
        null,
        null,
        null,
        null,
        null,
        null
      ],
      "/home/tingaboy/Desktop/Rails-core-projects/flickr_clone/config/initializers/backtrace_silencers.rb": [
        null,
        null,
        null,
        null,
        null,
        null,
        null
      ],
      "/home/tingaboy/Desktop/Rails-core-projects/flickr_clone/config/initializers/cookies_serializer.rb": [
        null,
        null,
        null,
        null,
        1
      ],
      "/home/tingaboy/Desktop/Rails-core-projects/flickr_clone/config/initializers/devise.rb": [
        null,
        null,
        1,
        null,
        null,
        null,
        null,
        null,
        null,
        null,
        null,
        null,
        null,
        null,
        1,
        null,
        null,
        null,
        null,
        null,
        null,
        null,
        null,
        null,
        null,
        null,
        1,
        null,
        null,
        null,
        null,
        null,
        null,
        null,
        null,
        null,
        null,
        null,
        null,
        null,
        null,
        null,
        null,
        null,
        null,
        null,
        null,
        null,
        1,
        null,
        null,
        null,
        null,
        1,
        null,
        null,
        null,
        null,
        null,
        null,
        null,
        null,
        null,
        null,
        null,
        null,
        null,
        null,
        null,
        null,
        null,
        null,
        null,
        null,
        null,
        null,
        null,
        null,
        null,
        null,
        null,
        null,
        null,
        null,
        1,
        null,
        null,
        null,
        null,
        null,
        null,
        null,
        null,
        null,
        null,
        null,
        null,
        null,
        null,
        null,
        null,
        null,
        null,
        null,
        null,
        null,
        null,
        1,
        null,
        null,
        null,
        null,
        null,
        null,
        null,
        null,
        null,
        null,
        null,
        null,
        null,
        null,
        null,
        null,
        null,
        null,
        null,
        null,
        null,
        null,
        null,
        null,
        null,
        null,
        null,
        null,
        null,
        null,
        1,
        null,
        null,
        null,
        null,
        null,
        null,
        null,
        null,
        null,
        1,
        null,
        null,
        null,
        null,
        null,
        null,
        null,
        null,
        null,
        null,
        1,
        null,
        null,
        null,
        null,
        1,
        null,
        null,
        null,
        null,
        null,
        null,
        null,
        null,
        null,
        null,
        null,
        null,
        null,
        null,
        null,
        null,
        null,
        null,
        null,
        null,
        null,
        null,
        null,
        null,
        null,
        null,
        null,
        null,
        null,
        null,
        null,
        null,
        null,
        null,
        null,
        null,
        null,
        null,
        null,
        null,
        1,
        null,
        null,
        null,
        null,
        null,
        null,
        null,
        null,
        null,
        null,
        null,
        null,
        null,
        null,
        null,
        null,
        null,
        null,
        null,
        null,
        null,
        null,
        null,
        null,
        null,
        null,
        null,
        null,
        null,
        null,
        null,
        null,
        null,
        null,
        null,
        null,
        null,
        null,
        null,
        null,
        null,
        1,
        null,
        null,
        null,
        null,
        null,
        null,
        null,
        null,
        null,
        null,
        null,
        null,
        null,
        null,
        null,
        null,
        null,
        null,
        null,
        null,
        null,
        null,
        null,
        null,
        null,
        null,
        null,
        null,
        null
      ],
      "/home/tingaboy/Desktop/Rails-core-projects/flickr_clone/config/initializers/filter_parameter_logging.rb": [
        null,
        null,
        null,
        1
      ],
      "/home/tingaboy/Desktop/Rails-core-projects/flickr_clone/config/initializers/inflections.rb": [
        null,
        null,
        null,
        null,
        null,
        null,
        null,
        null,
        null,
        null,
        null,
        null,
        null,
        null,
        null,
        null
      ],
      "/home/tingaboy/Desktop/Rails-core-projects/flickr_clone/config/initializers/mime_types.rb": [
        null,
        null,
        null,
        null
      ],
      "/home/tingaboy/Desktop/Rails-core-projects/flickr_clone/config/initializers/new_framework_defaults.rb": [
        null,
        null,
        null,
        null,
        null,
        null,
        null,
        1,
        null,
        null,
        1,
        null,
        null,
        null,
        1,
        null,
        null,
        1,
        null,
        null,
        1,
        null,
        null,
        1
      ],
      "/home/tingaboy/Desktop/Rails-core-projects/flickr_clone/config/initializers/session_store.rb": [
        null,
        null,
        1
      ],
      "/home/tingaboy/Desktop/Rails-core-projects/flickr_clone/config/initializers/wrap_parameters.rb": [
        null,
        null,
        null,
        null,
        null,
        null,
        1,
        2,
        null,
        null,
        null,
        null,
        null,
        null
      ],
      "/home/tingaboy/Desktop/Rails-core-projects/flickr_clone/config/routes.rb": [
        1,
        1,
        1,
        null,
        null,
        1,
        1,
        null,
        null
      ],
      "/home/tingaboy/Desktop/Rails-core-projects/flickr_clone/app/models/user.rb": [
        1,
        null,
        null,
        1,
        null,
        1,
        1,
        1,
        null
      ],
      "/home/tingaboy/Desktop/Rails-core-projects/flickr_clone/app/models/application_record.rb": [
        1,
        1,
        null
      ],
      "/home/tingaboy/Desktop/Rails-core-projects/flickr_clone/app/controllers/application_controller.rb": [
        1,
        1,
        null
      ],
      "/home/tingaboy/Desktop/Rails-core-projects/flickr_clone/app/helpers/application_helper.rb": [
        1,
        null
      ],
      "/home/tingaboy/Desktop/Rails-core-projects/flickr_clone/app/helpers/comments_helper.rb": [
        1,
        null
      ],
      "/home/tingaboy/Desktop/Rails-core-projects/flickr_clone/app/helpers/photos_helper.rb": [
        1,
        null
      ],
      "/home/tingaboy/Desktop/Rails-core-projects/flickr_clone/app/channels/application_cable/channel.rb": [
        1,
        1,
        null,
        null
      ],
      "/home/tingaboy/Desktop/Rails-core-projects/flickr_clone/app/channels/application_cable/connection.rb": [
        1,
        1,
        null,
        null
      ],
      "/home/tingaboy/Desktop/Rails-core-projects/flickr_clone/app/controllers/comments_controller.rb": [
        1,
        1,
        null,
        null,
        1,
        null,
        null,
        1,
        null,
        null,
        1,
        null,
        null
      ],
      "/home/tingaboy/Desktop/Rails-core-projects/flickr_clone/app/controllers/photos_controller.rb": [
        1,
        1,
        0,
        null,
        null,
        1,
        null,
        1,
        null,
        null,
        null,
        1,
        0,
        0,
        0,
        null,
        0,
        null,
        null,
        null,
        null,
        1,
        1,
        null,
        null,
        1,
        0,
        null,
        null,
        1,
        0,
        0,
        0,
        null,
        0,
        null,
        null,
        null,
        1,
        0,
        0,
        0,
        null,
        1,
        1,
        0,
        null,
        null
      ],
      "/home/tingaboy/Desktop/Rails-core-projects/flickr_clone/app/jobs/application_job.rb": [
        1,
        null
      ],
      "/home/tingaboy/Desktop/Rails-core-projects/flickr_clone/app/mailers/application_mailer.rb": [
        1,
        1,
        1,
        null
      ],
      "/home/tingaboy/Desktop/Rails-core-projects/flickr_clone/app/models/comment.rb": [
        1,
        1,
        1,
        1,
        null
      ],
      "/home/tingaboy/Desktop/Rails-core-projects/flickr_clone/app/models/photo.rb": [
        1,
        1,
        1,
        1,
        null
      ],
      "/home/tingaboy/Desktop/Rails-core-projects/flickr_clone/spec/controllers/photos_controller_spec.rb": [
        1,
        null,
        1,
        null,
        1,
        1,
        1,
        0,
        null,
        null,
        null,
        1,
        1,
        1,
        0,
        null,
        null,
        null,
        1,
        1,
        1,
        1,
        null,
        null,
        null,
        1,
        1,
        1,
        0,
        null,
        null,
        null,
        null
      ],
      "/home/tingaboy/Desktop/Rails-core-projects/flickr_clone/spec/helpers/comments_helper_spec.rb": [
        1,
        null,
        null,
        null,
        null,
        null,
        null,
        null,
        null,
        null,
        null,
        null,
        1,
        1,
        null
      ],
      "/home/tingaboy/Desktop/Rails-core-projects/flickr_clone/spec/helpers/photos_helper_spec.rb": [
        1,
        null,
        null,
        null,
        null,
        null,
        null,
        null,
        null,
        null,
        null,
        null,
        1,
        1,
        null
      ],
      "/home/tingaboy/Desktop/Rails-core-projects/flickr_clone/spec/models/comment_spec.rb": [
        1,
        null,
        1,
        2,
        2,
        2,
        null
      ],
      "/home/tingaboy/Desktop/Rails-core-projects/flickr_clone/spec/models/photo_spec.rb": [
        1,
        null,
        1,
        2,
        2,
        2,
        null
      ],
      "/home/tingaboy/Desktop/Rails-core-projects/flickr_clone/spec/models/user_spec.rb": [
        1,
        null,
        1,
        2,
        2,
        null,
        null
      ],
      "/home/tingaboy/Desktop/Rails-core-projects/flickr_clone/spec/views/comments/edit.html.erb_spec.rb": [
        1,
        null,
        1,
        1,
        null
      ],
      "/home/tingaboy/Desktop/Rails-core-projects/flickr_clone/spec/views/comments/index.html.erb_spec.rb": [
        1,
        null,
        1,
        1,
        null
      ],
      "/home/tingaboy/Desktop/Rails-core-projects/flickr_clone/spec/views/comments/new.html.erb_spec.rb": [
        1,
        null,
        1,
        1,
        null
      ],
      "/home/tingaboy/Desktop/Rails-core-projects/flickr_clone/spec/views/comments/show.html.erb_spec.rb": [
        1,
        null,
        1,
        1,
        null
      ],
      "/home/tingaboy/Desktop/Rails-core-projects/flickr_clone/spec/views/photos/edit.html.erb_spec.rb": [
        1,
        null,
        1,
        1,
        null
      ],
      "/home/tingaboy/Desktop/Rails-core-projects/flickr_clone/spec/views/photos/index.html.erb_spec.rb": [
        1,
        null,
        1,
        1,
        null
      ],
      "/home/tingaboy/Desktop/Rails-core-projects/flickr_clone/spec/views/photos/new.html.erb_spec.rb": [
        1,
        null,
        1,
        1,
        null
      ],
      "/home/tingaboy/Desktop/Rails-core-projects/flickr_clone/spec/views/photos/show.html.erb_spec.rb": [
        1,
        null,
        1,
        1,
        null
      ]
    },
    "timestamp": 1490189520
  }
}
